<?xml version="1.0" encoding="UTF-8"?>
<!-- Generated by org.testng.reporters.JUnitReportReporter -->
<testsuite hostname="DELL" failures="0" tests="1" name="data.test1" time="12.648" errors="1" timestamp="2021-01-26T15:13:07 IST" skipped="0">
  <testcase classname="data.test1" name="create" time="12.648">
    <error message="session not created
from disconnected: received Inspector.detached event
  (Session info: chrome=88.0.4324.104)
Build info: version: &#039;3.141.59&#039;, revision: &#039;e82be7d358&#039;, time: &#039;2018-11-14T08:17:03&#039;
System info: host: &#039;DELL&#039;, ip: &#039;192.168.141.1&#039;, os.name: &#039;Windows 8&#039;, os.arch: &#039;amd64&#039;, os.version: &#039;6.2&#039;, java.version: &#039;12&#039;
Driver info: driver.version: ChromeDriver
remote stacktrace: Backtrace:
	Ordinal0 [0x0156C0C3+3326147]
	Ordinal0 [0x01450851+2164817]
	Ordinal0 [0x012D7298+619160]
	Ordinal0 [0x012CBD04+572676]
	Ordinal0 [0x012CBA18+571928]
	Ordinal0 [0x012CB0C1+569537]
	Ordinal0 [0x012CA421+566305]
	Ordinal0 [0x012CA815+567317]
	Ordinal0 [0x012CA135+565557]
	Ordinal0 [0x012D38B1+604337]
	Ordinal0 [0x012CA0F1+565489]
	Ordinal0 [0x012CAEA2+568994]
	Ordinal0 [0x012CA421+566305]
	Ordinal0 [0x012CA815+567317]
	Ordinal0 [0x012CA135+565557]
	Ordinal0 [0x012D1D2C+597292]
	Ordinal0 [0x012CA0F1+565489]
	Ordinal0 [0x012CAEA2+568994]
	Ordinal0 [0x012CA421+566305]
	Ordinal0 [0x012CA815+567317]
	Ordinal0 [0x012CA135+565557]
	Ordinal0 [0x012CFE62+589410]
	Ordinal0 [0x012CA0F1+565489]
	Ordinal0 [0x012CAEA2+568994]
	Ordinal0 [0x012CA421+566305]
	Ordinal0 [0x012CA815+567317]
	Ordinal0 [0x012CA135+565557]
	Ordinal0 [0x012CF075+585845]
	Ordinal0 [0x012CA0F1+565489]
	Ordinal0 [0x012CAEA2+568994]
	Ordinal0 [0x012CA421+566305]
	Ordinal0 [0x012CA815+567317]
	Ordinal0 [0x012CA135+565557]
	Ordinal0 [0x012C6776+550774]
	Ordinal0 [0x012CA0F1+565489]
	Ordinal0 [0x012C9F13+565011]
	Ordinal0 [0x012C9D07+564487]
	Ordinal0 [0x012D82C0+623296]
	Ordinal0 [0x01276BDD+224221]
	Ordinal0 [0x01275CAC+220332]
	Ordinal0 [0x0127189B+202907]
	Ordinal0 [0x01253DF4+81396]
	Ordinal0 [0x01254DEE+85486]
	Ordinal0 [0x01254D79+85369]
	Ordinal0 [0x014685DC+2262492]
	GetHandleVerifier [0x016F2874+1487204]
	GetHandleVerifier [0x016F23CD+1486013]
	GetHandleVerifier [0x016FA368+1518680]
	GetHandleVerifier [0x016F2F4E+1488958]
	Ordinal0 [0x0145ED0D+2223373]
	Ordinal0 [0x0146A12B+2269483]
	Ordinal0 [0x0146A26F+2269807]
	Ordinal0 [0x0147ECB8+2354360]
	BaseThreadInitThunk [0x76AB8624+14]
	RtlInitializeExceptionChain [0x7794BD99+133]
	RtlInitializeExceptionChain [0x7794BD6C+88]
" type="org.openqa.selenium.SessionNotCreatedException">
      <![CDATA[org.openqa.selenium.SessionNotCreatedException: session not created
from disconnected: received Inspector.detached event
  (Session info: chrome=88.0.4324.104)
Build info: version: '3.141.59', revision: 'e82be7d358', time: '2018-11-14T08:17:03'
System info: host: 'DELL', ip: '192.168.141.1', os.name: 'Windows 8', os.arch: 'amd64', os.version: '6.2', java.version: '12'
Driver info: driver.version: ChromeDriver
remote stacktrace: Backtrace:
Ordinal0 [0x0156C0C3+3326147]
Ordinal0 [0x01450851+2164817]
Ordinal0 [0x012D7298+619160]
Ordinal0 [0x012CBD04+572676]
Ordinal0 [0x012CBA18+571928]
Ordinal0 [0x012CB0C1+569537]
Ordinal0 [0x012CA421+566305]
Ordinal0 [0x012CA815+567317]
Ordinal0 [0x012CA135+565557]
Ordinal0 [0x012D38B1+604337]
Ordinal0 [0x012CA0F1+565489]
Ordinal0 [0x012CAEA2+568994]
Ordinal0 [0x012CA421+566305]
Ordinal0 [0x012CA815+567317]
Ordinal0 [0x012CA135+565557]
Ordinal0 [0x012D1D2C+597292]
Ordinal0 [0x012CA0F1+565489]
Ordinal0 [0x012CAEA2+568994]
Ordinal0 [0x012CA421+566305]
Ordinal0 [0x012CA815+567317]
Ordinal0 [0x012CA135+565557]
Ordinal0 [0x012CFE62+589410]
Ordinal0 [0x012CA0F1+565489]
Ordinal0 [0x012CAEA2+568994]
Ordinal0 [0x012CA421+566305]
Ordinal0 [0x012CA815+567317]
Ordinal0 [0x012CA135+565557]
Ordinal0 [0x012CF075+585845]
Ordinal0 [0x012CA0F1+565489]
Ordinal0 [0x012CAEA2+568994]
Ordinal0 [0x012CA421+566305]
Ordinal0 [0x012CA815+567317]
Ordinal0 [0x012CA135+565557]
Ordinal0 [0x012C6776+550774]
Ordinal0 [0x012CA0F1+565489]
Ordinal0 [0x012C9F13+565011]
Ordinal0 [0x012C9D07+564487]
Ordinal0 [0x012D82C0+623296]
Ordinal0 [0x01276BDD+224221]
Ordinal0 [0x01275CAC+220332]
Ordinal0 [0x0127189B+202907]
Ordinal0 [0x01253DF4+81396]
Ordinal0 [0x01254DEE+85486]
Ordinal0 [0x01254D79+85369]
Ordinal0 [0x014685DC+2262492]
GetHandleVerifier [0x016F2874+1487204]
GetHandleVerifier [0x016F23CD+1486013]
GetHandleVerifier [0x016FA368+1518680]
GetHandleVerifier [0x016F2F4E+1488958]
Ordinal0 [0x0145ED0D+2223373]
Ordinal0 [0x0146A12B+2269483]
Ordinal0 [0x0146A26F+2269807]
Ordinal0 [0x0147ECB8+2354360]
BaseThreadInitThunk [0x76AB8624+14]
RtlInitializeExceptionChain [0x7794BD99+133]
RtlInitializeExceptionChain [0x7794BD6C+88]

at java.base/jdk.internal.reflect.NativeConstructorAccessorImpl.newInstance0(Native Method)
at java.base/jdk.internal.reflect.NativeConstructorAccessorImpl.newInstance(NativeConstructorAccessorImpl.java:62)
at java.base/jdk.internal.reflect.DelegatingConstructorAccessorImpl.newInstance(DelegatingConstructorAccessorImpl.java:45)
at java.base/java.lang.reflect.Constructor.newInstanceWithCaller(Constructor.java:500)
at java.base/java.lang.reflect.Constructor.newInstance(Constructor.java:481)
at org.openqa.selenium.remote.W3CHandshakeResponse.lambda$errorHandler$0(W3CHandshakeResponse.java:62)
at org.openqa.selenium.remote.HandshakeResponse.lambda$getResponseFunction$0(HandshakeResponse.java:30)
at org.openqa.selenium.remote.ProtocolHandshake.lambda$createSession$0(ProtocolHandshake.java:126)
at java.base/java.util.stream.ReferencePipeline$3$1.accept(ReferencePipeline.java:195)
at java.base/java.util.Spliterators$ArraySpliterator.tryAdvance(Spliterators.java:958)
at java.base/java.util.stream.ReferencePipeline.forEachWithCancel(ReferencePipeline.java:127)
at java.base/java.util.stream.AbstractPipeline.copyIntoWithCancel(AbstractPipeline.java:502)
at java.base/java.util.stream.AbstractPipeline.copyInto(AbstractPipeline.java:488)
at java.base/java.util.stream.AbstractPipeline.wrapAndCopyInto(AbstractPipeline.java:474)
at java.base/java.util.stream.FindOps$FindOp.evaluateSequential(FindOps.java:150)
at java.base/java.util.stream.AbstractPipeline.evaluate(AbstractPipeline.java:234)
at java.base/java.util.stream.ReferencePipeline.findFirst(ReferencePipeline.java:543)
at org.openqa.selenium.remote.ProtocolHandshake.createSession(ProtocolHandshake.java:128)
at org.openqa.selenium.remote.ProtocolHandshake.createSession(ProtocolHandshake.java:74)
at org.openqa.selenium.remote.HttpCommandExecutor.execute(HttpCommandExecutor.java:136)
at org.openqa.selenium.remote.service.DriverCommandExecutor.execute(DriverCommandExecutor.java:83)
at org.openqa.selenium.remote.RemoteWebDriver.execute(RemoteWebDriver.java:552)
at org.openqa.selenium.remote.RemoteWebDriver.startSession(RemoteWebDriver.java:213)
at org.openqa.selenium.remote.RemoteWebDriver.<init>(RemoteWebDriver.java:131)
at org.openqa.selenium.chrome.ChromeDriver.<init>(ChromeDriver.java:181)
at org.openqa.selenium.chrome.ChromeDriver.<init>(ChromeDriver.java:168)
at org.openqa.selenium.chrome.ChromeDriver.<init>(ChromeDriver.java:123)
at data.test1.create(test1.java:13)
at java.base/jdk.internal.reflect.NativeMethodAccessorImpl.invoke0(Native Method)
at java.base/jdk.internal.reflect.NativeMethodAccessorImpl.invoke(NativeMethodAccessorImpl.java:62)
at java.base/jdk.internal.reflect.DelegatingMethodAccessorImpl.invoke(DelegatingMethodAccessorImpl.java:43)
at java.base/java.lang.reflect.Method.invoke(Method.java:567)
at org.testng.internal.MethodInvocationHelper.invokeMethod(MethodInvocationHelper.java:132)
at org.testng.internal.TestInvoker.invokeMethod(TestInvoker.java:599)
at org.testng.internal.TestInvoker.invokeTestMethod(TestInvoker.java:174)
at org.testng.internal.MethodRunner.runInSequence(MethodRunner.java:46)
at org.testng.internal.TestInvoker$MethodInvocationAgent.invoke(TestInvoker.java:822)
at org.testng.internal.TestInvoker.invokeTestMethods(TestInvoker.java:147)
at org.testng.internal.TestMethodWorker.invokeTestMethods(TestMethodWorker.java:146)
at org.testng.internal.TestMethodWorker.run(TestMethodWorker.java:128)
at java.base/java.util.ArrayList.forEach(ArrayList.java:1540)
at org.testng.TestRunner.privateRun(TestRunner.java:764)
at org.testng.TestRunner.run(TestRunner.java:585)
at org.testng.SuiteRunner.runTest(SuiteRunner.java:384)
at org.testng.SuiteRunner.runSequentially(SuiteRunner.java:378)
at org.testng.SuiteRunner.privateRun(SuiteRunner.java:337)
at org.testng.SuiteRunner.run(SuiteRunner.java:286)
at org.testng.SuiteRunnerWorker.runSuite(SuiteRunnerWorker.java:53)
at org.testng.SuiteRunnerWorker.run(SuiteRunnerWorker.java:96)
at org.testng.TestNG.runSuitesSequentially(TestNG.java:1218)
at org.testng.TestNG.runSuitesLocally(TestNG.java:1140)
at org.testng.TestNG.runSuites(TestNG.java:1069)
at org.testng.TestNG.run(TestNG.java:1037)
at org.testng.remote.AbstractRemoteTestNG.run(AbstractRemoteTestNG.java:115)
at org.testng.remote.RemoteTestNG.initAndRun(RemoteTestNG.java:251)
at org.testng.remote.RemoteTestNG.main(RemoteTestNG.java:77)
]]>
    </error>
  </testcase> <!-- create -->
  <system-out/>
</testsuite> <!-- data.test1 -->
